TN:
SF:/home/ubuntu/workspace/src/kairos.js
FN:1,(anonymous_1)
FN:25,(anonymous_2)
FN:36,(anonymous_3)
FN:50,(anonymous_4)
FN:64,(anonymous_5)
FN:77,(anonymous_6)
FN:90,(anonymous_7)
FN:108,(anonymous_8)
FN:125,(anonymous_9)
FN:136,(anonymous_10)
FN:147,(anonymous_11)
FN:158,(anonymous_12)
FN:171,(anonymous_13)
FN:184,(anonymous_14)
FNF:14
FNH:13
FNDA:1,(anonymous_1)
FNDA:1,(anonymous_2)
FNDA:1,(anonymous_3)
FNDA:1,(anonymous_4)
FNDA:1,(anonymous_5)
FNDA:1,(anonymous_6)
FNDA:2,(anonymous_7)
FNDA:2,(anonymous_8)
FNDA:1,(anonymous_9)
FNDA:1,(anonymous_10)
FNDA:1,(anonymous_11)
FNDA:1,(anonymous_12)
FNDA:1,(anonymous_13)
FNDA:0,(anonymous_14)
DA:1,1
DA:4,1
DA:7,1
DA:12,1
DA:16,1
DA:17,1
DA:25,1
DA:26,1
DA:27,1
DA:36,1
DA:37,1
DA:38,1
DA:39,1
DA:40,1
DA:50,1
DA:51,1
DA:52,1
DA:53,1
DA:54,1
DA:64,1
DA:65,1
DA:66,1
DA:67,1
DA:77,1
DA:78,1
DA:79,1
DA:80,1
DA:90,1
DA:91,2
DA:92,1
DA:95,1
DA:96,1
DA:97,1
DA:98,1
DA:108,1
DA:109,2
DA:110,2
DA:111,2
DA:112,1
DA:115,1
DA:116,1
DA:125,1
DA:126,1
DA:127,1
DA:136,1
DA:137,1
DA:138,1
DA:147,1
DA:148,1
DA:149,1
DA:158,1
DA:159,1
DA:160,1
DA:171,1
DA:172,1
DA:173,1
DA:174,1
DA:178,1
DA:180,0
DA:183,1
DA:184,0
DA:185,0
DA:190,1
LF:63
LH:60
BRDA:12,1,0,1
BRDA:12,1,1,1
BRDA:12,1,2,1
BRDA:12,1,3,0
BRDA:12,1,4,0
BRDA:12,1,5,0
BRDA:12,1,6,0
BRDA:16,2,0,1
BRDA:16,2,1,0
BRDA:91,3,0,1
BRDA:91,3,1,1
BRDA:111,4,0,1
BRDA:111,4,1,1
BRDA:178,5,0,0
BRDA:178,5,1,1
BRDA:178,6,0,1
BRDA:178,6,1,0
BRDA:183,7,0,0
BRDA:183,7,1,1
BRDA:183,8,0,1
BRDA:183,8,1,0
BRF:21
BRH:12
end_of_record
TN:
SF:/home/ubuntu/workspace/src/gnomon/Gnomon.js
FN:1,(anonymous_1)
FN:20,(anonymous_2)
FN:69,(anonymous_3)
FN:98,(anonymous_4)
FN:106,(anonymous_5)
FN:114,(anonymous_6)
FN:122,(anonymous_7)
FN:130,(anonymous_8)
FN:138,(anonymous_9)
FN:146,(anonymous_10)
FN:154,(anonymous_11)
FN:162,(anonymous_12)
FN:170,(anonymous_13)
FN:178,(anonymous_14)
FN:186,(anonymous_15)
FN:194,(anonymous_16)
FN:202,(anonymous_17)
FN:210,(anonymous_18)
FN:218,(anonymous_19)
FN:226,(anonymous_20)
FN:234,(anonymous_21)
FN:242,(anonymous_22)
FN:250,(anonymous_23)
FN:258,(anonymous_24)
FN:283,(anonymous_25)
FN:291,(anonymous_26)
FN:299,(anonymous_27)
FN:307,(anonymous_28)
FN:320,(anonymous_29)
FNF:29
FNH:29
FNDA:1,(anonymous_1)
FNDA:72,(anonymous_2)
FNDA:260,(anonymous_3)
FNDA:1,(anonymous_4)
FNDA:89,(anonymous_5)
FNDA:1,(anonymous_6)
FNDA:91,(anonymous_7)
FNDA:1,(anonymous_8)
FNDA:91,(anonymous_9)
FNDA:1,(anonymous_10)
FNDA:94,(anonymous_11)
FNDA:1,(anonymous_12)
FNDA:1,(anonymous_13)
FNDA:1,(anonymous_14)
FNDA:1,(anonymous_15)
FNDA:72,(anonymous_16)
FNDA:72,(anonymous_17)
FNDA:61,(anonymous_18)
FNDA:59,(anonymous_19)
FNDA:93,(anonymous_20)
FNDA:93,(anonymous_21)
FNDA:96,(anonymous_22)
FNDA:14,(anonymous_23)
FNDA:12,(anonymous_24)
FNDA:2,(anonymous_25)
FNDA:3,(anonymous_26)
FNDA:3,(anonymous_27)
FNDA:3,(anonymous_28)
FNDA:4,(anonymous_29)
DA:1,1
DA:8,1
DA:20,1
DA:21,72
DA:23,1
DA:25,71
DA:27,70
DA:28,70
DA:30,70
DA:31,258
DA:33,258
DA:34,257
DA:35,257
DA:37,70
DA:38,70
DA:40,70
DA:41,70
DA:43,59
DA:44,59
DA:46,57
DA:47,57
DA:49,1
DA:52,1
DA:55,68
DA:56,1
DA:69,1
DA:70,260
DA:72,58
DA:73,58
DA:75,60
DA:76,60
DA:78,71
DA:79,71
DA:81,71
DA:82,71
DA:84,260
DA:92,1
DA:98,1
DA:99,1
DA:106,1
DA:107,89
DA:114,1
DA:115,1
DA:122,1
DA:123,91
DA:130,1
DA:131,1
DA:138,1
DA:139,91
DA:146,1
DA:147,1
DA:154,1
DA:155,94
DA:162,1
DA:163,1
DA:170,1
DA:171,1
DA:178,1
DA:179,1
DA:186,1
DA:187,1
DA:194,1
DA:195,72
DA:202,1
DA:203,72
DA:210,1
DA:211,61
DA:218,1
DA:219,59
DA:226,1
DA:227,93
DA:234,1
DA:235,93
DA:242,1
DA:243,96
DA:250,1
DA:251,14
DA:258,1
DA:259,12
DA:261,12
DA:263,12
DA:265,12
DA:266,9
DA:269,12
DA:270,9
DA:273,12
DA:274,1
DA:276,12
DA:283,1
DA:284,2
DA:291,1
DA:292,3
DA:299,1
DA:300,3
DA:307,1
DA:308,3
DA:320,1
DA:321,4
DA:322,3
DA:324,1
DA:325,0
DA:327,1
DA:328,1
LF:103
LH:102
BRDA:21,1,0,1
BRDA:21,1,1,71
BRDA:25,2,0,70
BRDA:25,2,1,1
BRDA:25,3,0,71
BRDA:25,3,1,70
BRDA:33,4,0,257
BRDA:33,4,1,1
BRDA:35,5,0,70
BRDA:35,5,1,70
BRDA:35,5,2,59
BRDA:35,5,3,57
BRDA:35,5,4,1
BRDA:55,6,0,1
BRDA:55,6,1,67
BRDA:70,7,0,58
BRDA:70,7,1,60
BRDA:70,7,2,71
BRDA:70,7,3,71
BRDA:265,8,0,9
BRDA:265,8,1,3
BRDA:265,9,0,12
BRDA:265,9,1,5
BRDA:269,10,0,9
BRDA:269,10,1,3
BRDA:273,11,0,1
BRDA:273,11,1,11
BRDA:321,12,0,3
BRDA:321,12,1,1
BRDA:324,13,0,0
BRDA:324,13,1,1
BRDA:327,14,0,1
BRDA:327,14,1,0
BRF:33
BRH:31
end_of_record
